<?xml version="1.0" encoding="UTF-8"?>
<testng-results ignored="0" total="1" passed="1" failed="0" skipped="0">
  <reporter-output>
  </reporter-output>
  <suite started-at="2023-12-21T14:54:43 IST" name="Default suite" finished-at="2023-12-21T14:54:43 IST" duration-ms="53">
    <groups>
    </groups>
    <test started-at="2023-12-21T14:54:43 IST" name="Default test" finished-at="2023-12-21T14:54:43 IST" duration-ms="53">
      <class name="PS2">
        <test-method is-config="true" signature="beforeRun()[pri:0, instance:PS2@2ed2d9cb]" started-at="2023-12-21T14:54:43 IST" name="beforeRun" finished-at="2023-12-21T14:54:43 IST" duration-ms="8" status="PASS">
          <reporter-output>
          </reporter-output>
        </test-method> <!-- beforeRun -->
        <test-method signature="testRun()[pri:0, instance:PS2@2ed2d9cb]" started-at="2023-12-21T14:54:43 IST" name="testRun" finished-at="2023-12-21T14:54:43 IST" duration-ms="6" status="PASS">
          <reporter-output>
          </reporter-output>
        </test-method> <!-- testRun -->
        <test-method is-config="true" signature="afterRun()[pri:0, instance:PS2@2ed2d9cb]" started-at="2023-12-21T14:54:43 IST" name="afterRun" finished-at="2023-12-21T14:54:43 IST" duration-ms="0" status="PASS">
          <reporter-output>
          </reporter-output>
        </test-method> <!-- afterRun -->
      </class> <!-- PS2 -->
    </test> <!-- Default test -->
  </suite> <!-- Default suite -->
</testng-results>
